<?xml version="1.0" encoding="UTF-8"?>
<testsuite name="com.intervals.service.ServiceWorkWithRepository" tests="2" skipped="0" failures="0" errors="0" timestamp="2024-04-12T14:22:28" hostname="DESKTOP-0UV5HBS" time="2.296">
  <properties/>
  <testcase name="getMinLetters()" classname="com.intervals.service.ServiceWorkWithRepository" time="2.28"/>
  <testcase name="getMinDigits()" classname="com.intervals.service.ServiceWorkWithRepository" time="0.012"/>
  <system-out><![CDATA[]]></system-out>
  <system-err><![CDATA[]]></system-err>
</testsuite>
